<?xml version="1.0" encoding="UTF-8"?>
<testng-results skipped="0" failed="0" ignored="0" total="2" passed="2">
  <reporter-output>
  </reporter-output>
  <suite name="Suite" duration-ms="319614" started-at="2017-12-20T02:41:00Z" finished-at="2017-12-20T02:46:19Z">
    <groups>
    </groups>
    <test name="Test" duration-ms="319614" started-at="2017-12-20T02:41:00Z" finished-at="2017-12-20T02:46:19Z">
      <class name="com.test.scripts.TestScripts_002">
        <test-method status="PASS" signature="launch()[pri:0, instance:com.test.scripts.TestScripts_002@3327bd23]" name="launch" is-config="true" duration-ms="73843" started-at="2017-12-20T08:13:17Z" finished-at="2017-12-20T08:14:31Z">
          <reporter-output>
          </reporter-output>
        </test-method> <!-- launch -->
        <test-method status="PASS" signature="TestTaskTwo()[pri:0, instance:com.test.scripts.TestScripts_002@3327bd23]" name="TestTaskTwo" duration-ms="100882" started-at="2017-12-20T08:14:31Z" finished-at="2017-12-20T08:16:12Z">
          <reporter-output>
          </reporter-output>
        </test-method> <!-- TestTaskTwo -->
        <test-method status="PASS" signature="Quit()[pri:0, instance:com.test.scripts.TestScripts_002@3327bd23]" name="Quit" is-config="true" duration-ms="7545" started-at="2017-12-20T08:16:12Z" finished-at="2017-12-20T08:16:19Z">
          <reporter-output>
          </reporter-output>
        </test-method> <!-- Quit -->
      </class> <!-- com.test.scripts.TestScripts_002 -->
      <class name="com.test.scripts.TestScripts_001">
        <test-method status="PASS" signature="launch()[pri:0, instance:com.test.scripts.TestScripts_001@a67c67e]" name="launch" is-config="true" duration-ms="69579" started-at="2017-12-20T08:11:00Z" finished-at="2017-12-20T08:12:09Z">
          <reporter-output>
          </reporter-output>
        </test-method> <!-- launch -->
        <test-method status="PASS" signature="TestTaskOne()[pri:0, instance:com.test.scripts.TestScripts_001@a67c67e]" name="TestTaskOne" duration-ms="59027" started-at="2017-12-20T08:12:09Z" finished-at="2017-12-20T08:13:08Z">
          <reporter-output>
          </reporter-output>
        </test-method> <!-- TestTaskOne -->
        <test-method status="PASS" signature="Quit()[pri:0, instance:com.test.scripts.TestScripts_001@a67c67e]" name="Quit" is-config="true" duration-ms="8688" started-at="2017-12-20T08:13:08Z" finished-at="2017-12-20T08:13:17Z">
          <reporter-output>
          </reporter-output>
        </test-method> <!-- Quit -->
      </class> <!-- com.test.scripts.TestScripts_001 -->
    </test> <!-- Test -->
  </suite> <!-- Suite -->
</testng-results>
